        -:    0:Source:dominion.c
        -:    0:Graph:dominion.gcno
        -:    0:Data:dominion.gcda
        -:    0:Runs:1
        -:    0:Programs:1
        -:    1:#include "dominion.h"
        -:    2:#include "dominion_helpers.h"
        -:    3:#include "rngs.h"
        -:    4:#include <stdio.h>
        -:    5:#include <math.h>
        -:    6:#include <stdlib.h>
        -:    7:
function compare called 0 returned 0% blocks executed 0%
    #####:    8:int compare(const void* a, const void* b) {
    #####:    9:  if (*(int*)a > *(int*)b)
branch  0 never executed
branch  1 never executed
    #####:   10:    return 1;
    #####:   11:  if (*(int*)a < *(int*)b)
branch  0 never executed
branch  1 never executed
    #####:   12:    return -1;
    #####:   13:  return 0;
        -:   14:}
        -:   15:
function newGame called 0 returned 0% blocks executed 0%
    #####:   16:struct gameState* newGame() {
    #####:   17:  struct gameState* g = malloc(sizeof(struct gameState));
    #####:   18:  return g;
        -:   19:}
        -:   20:
function kingdomCards called 0 returned 0% blocks executed 0%
    #####:   21:int* kingdomCards(int k1, int k2, int k3, int k4, int k5, int k6, int k7,
        -:   22:		  int k8, int k9, int k10) {
    #####:   23:  int* k = malloc(10 * sizeof(int));
    #####:   24:  k[0] = k1;
    #####:   25:  k[1] = k2;
    #####:   26:  k[2] = k3;
    #####:   27:  k[3] = k4;
    #####:   28:  k[4] = k5;
    #####:   29:  k[5] = k6;
    #####:   30:  k[6] = k7;
    #####:   31:  k[7] = k8;
    #####:   32:  k[8] = k9;
    #####:   33:  k[9] = k10;
    #####:   34:  return k;
        -:   35:}
        -:   36:
function initializeGame called 0 returned 0% blocks executed 0%
    #####:   37:int initializeGame(int numPlayers, int kingdomCards[10], int randomSeed,
        -:   38:		   struct gameState *state) {
        -:   39:
        -:   40:  int i;
        -:   41:  int j;
        -:   42:  int it;			
        -:   43:  //set up random number generator
    #####:   44:  SelectStream(1);
call    0 never executed
    #####:   45:  PutSeed((long)randomSeed);
call    0 never executed
        -:   46:  
        -:   47:  //check number of players
    #####:   48:  if (numPlayers > MAX_PLAYERS || numPlayers < 2)
branch  0 never executed
branch  1 never executed
branch  2 never executed
branch  3 never executed
        -:   49:    {
    #####:   50:      return -1;
        -:   51:    }
        -:   52:
        -:   53:  //set number of players
    #####:   54:  state->numPlayers = numPlayers;
        -:   55:
        -:   56:  //check selected kingdom cards are different
    #####:   57:  for (i = 0; i < 10; i++)
branch  0 never executed
branch  1 never executed
        -:   58:    {
    #####:   59:      for (j = 0; j < 10; j++)
branch  0 never executed
branch  1 never executed
        -:   60:        {
    #####:   61:	  if (j != i && kingdomCards[j] == kingdomCards[i])
branch  0 never executed
branch  1 never executed
branch  2 never executed
branch  3 never executed
        -:   62:	    {
    #####:   63:	      return -1;
        -:   64:	    }
        -:   65:        }
        -:   66:    }
        -:   67:
        -:   68:
        -:   69:  //initialize supply
        -:   70:  ///////////////////////////////
        -:   71:
        -:   72:  //set number of Curse cards
    #####:   73:  if (numPlayers == 2)
branch  0 never executed
branch  1 never executed
        -:   74:    {
    #####:   75:      state->supplyCount[curse] = 10;
        -:   76:    }
    #####:   77:  else if (numPlayers == 3)
branch  0 never executed
branch  1 never executed
        -:   78:    {
    #####:   79:      state->supplyCount[curse] = 20;
        -:   80:    }
        -:   81:  else
        -:   82:    {
    #####:   83:      state->supplyCount[curse] = 30;
        -:   84:    }
        -:   85:
        -:   86:  //set number of Victory cards
    #####:   87:  if (numPlayers == 2)
branch  0 never executed
branch  1 never executed
        -:   88:    {
    #####:   89:      state->supplyCount[estate] = 8;
    #####:   90:      state->supplyCount[duchy] = 8;
    #####:   91:      state->supplyCount[province] = 8;
        -:   92:    }
        -:   93:  else
        -:   94:    {
    #####:   95:      state->supplyCount[estate] = 12;
    #####:   96:      state->supplyCount[duchy] = 12;
    #####:   97:      state->supplyCount[province] = 12;
        -:   98:    }
        -:   99:
        -:  100:  //set number of Treasure cards
    #####:  101:  state->supplyCount[copper] = 60 - (7 * numPlayers);
    #####:  102:  state->supplyCount[silver] = 40;
    #####:  103:  state->supplyCount[gold] = 30;
        -:  104:
        -:  105:  //set number of Kingdom cards
    #####:  106:  for (i = adventurer; i <= treasure_map; i++)       	//loop all cards
branch  0 never executed
branch  1 never executed
        -:  107:    {
    #####:  108:      for (j = 0; j < 10; j++)           		//loop chosen cards
branch  0 never executed
branch  1 never executed
        -:  109:	{
    #####:  110:	  if (kingdomCards[j] == i)
branch  0 never executed
branch  1 never executed
        -:  111:	    {
        -:  112:	      //check if card is a 'Victory' Kingdom card
    #####:  113:	      if (kingdomCards[j] == great_hall || kingdomCards[j] == gardens)
branch  0 never executed
branch  1 never executed
branch  2 never executed
branch  3 never executed
        -:  114:		{
    #####:  115:		  if (numPlayers == 2){ 
branch  0 never executed
branch  1 never executed
    #####:  116:		    state->supplyCount[i] = 8; 
        -:  117:		  }
    #####:  118:		  else{ state->supplyCount[i] = 12; }
        -:  119:		}
        -:  120:	      else
        -:  121:		{
    #####:  122:		  state->supplyCount[i] = 10;
        -:  123:		}
    #####:  124:	      break;
        -:  125:	    }
        -:  126:	  else    //card is not in the set choosen for the game
        -:  127:	    {
    #####:  128:	      state->supplyCount[i] = -1;
        -:  129:	    }
        -:  130:	}
        -:  131:
        -:  132:    }
        -:  133:
        -:  134:  ////////////////////////
        -:  135:  //supply intilization complete
        -:  136:
        -:  137:  //set player decks
    #####:  138:  for (i = 0; i < numPlayers; i++)
branch  0 never executed
branch  1 never executed
        -:  139:    {
    #####:  140:      state->deckCount[i] = 0;
    #####:  141:      for (j = 0; j < 3; j++)
branch  0 never executed
branch  1 never executed
        -:  142:	{
    #####:  143:	  state->deck[i][j] = estate;
    #####:  144:	  state->deckCount[i]++;
        -:  145:	}
    #####:  146:      for (j = 3; j < 10; j++)
branch  0 never executed
branch  1 never executed
        -:  147:	{
    #####:  148:	  state->deck[i][j] = copper;
    #####:  149:	  state->deckCount[i]++;		
        -:  150:	}
        -:  151:    }
        -:  152:
        -:  153:  //shuffle player decks
    #####:  154:  for (i = 0; i < numPlayers; i++)
branch  0 never executed
branch  1 never executed
        -:  155:    {
    #####:  156:      if ( shuffle(i, state) < 0 )
call    0 never executed
branch  1 never executed
branch  2 never executed
        -:  157:	{
    #####:  158:	  return -1;
        -:  159:	}
        -:  160:    }
        -:  161:
        -:  162:  //draw player hands
    #####:  163:  for (i = 0; i < numPlayers; i++)
branch  0 never executed
branch  1 never executed
        -:  164:    {  
        -:  165:      //initialize hand size to zero
    #####:  166:      state->handCount[i] = 0;
    #####:  167:      state->discardCount[i] = 0;
        -:  168:      //draw 5 cards
        -:  169:      // for (j = 0; j < 5; j++)
        -:  170:      //	{
        -:  171:      //	  drawCard(i, state);
        -:  172:      //	}
        -:  173:    }
        -:  174:  
        -:  175:  //set embargo tokens to 0 for all supply piles
    #####:  176:  for (i = 0; i <= treasure_map; i++)
branch  0 never executed
branch  1 never executed
        -:  177:    {
    #####:  178:      state->embargoTokens[i] = 0;
        -:  179:    }
        -:  180:
        -:  181:  //initialize first player's turn
    #####:  182:  state->outpostPlayed = 0;
    #####:  183:  state->phase = 0;
    #####:  184:  state->numActions = 1;
    #####:  185:  state->numBuys = 1;
    #####:  186:  state->playedCardCount = 0;
    #####:  187:  state->whoseTurn = 0;
    #####:  188:  state->handCount[state->whoseTurn] = 0;
        -:  189:  //int it; move to top
        -:  190:
        -:  191:  //Moved draw cards to here, only drawing at the start of a turn
    #####:  192:  for (it = 0; it < 5; it++){
branch  0 never executed
branch  1 never executed
    #####:  193:    drawCard(state->whoseTurn, state);
call    0 never executed
        -:  194:  }
        -:  195:
    #####:  196:  updateCoins(state->whoseTurn, state, 0);
call    0 never executed
        -:  197:
    #####:  198:  return 0;
        -:  199:}
        -:  200:
function shuffle called 0 returned 0% blocks executed 0%
    #####:  201:int shuffle(int player, struct gameState *state) {
        -:  202: 
        -:  203:
        -:  204:  int newDeck[MAX_DECK];
    #####:  205:  int newDeckPos = 0;
        -:  206:  int card;
        -:  207:  int i;
        -:  208:
    #####:  209:  if (state->deckCount[player] < 1)
branch  0 never executed
branch  1 never executed
    #####:  210:    return -1;
    #####:  211:  qsort ((void*)(state->deck[player]), state->deckCount[player], sizeof(int), compare); 
call    0 never executed
        -:  212:  /* SORT CARDS IN DECK TO ENSURE DETERMINISM! */
        -:  213:
    #####:  214:  while (state->deckCount[player] > 0) {
branch  0 never executed
branch  1 never executed
    #####:  215:    card = floor(Random() * state->deckCount[player]);
call    0 never executed
    #####:  216:    newDeck[newDeckPos] = state->deck[player][card];
    #####:  217:    newDeckPos++;
    #####:  218:    for (i = card; i < state->deckCount[player]-1; i++) {
branch  0 never executed
branch  1 never executed
    #####:  219:      state->deck[player][i] = state->deck[player][i+1];
        -:  220:    }
    #####:  221:    state->deckCount[player]--;
        -:  222:  }
    #####:  223:  for (i = 0; i < newDeckPos; i++) {
branch  0 never executed
branch  1 never executed
    #####:  224:    state->deck[player][i] = newDeck[i];
    #####:  225:    state->deckCount[player]++;
        -:  226:  }
        -:  227:
    #####:  228:  return 0;
        -:  229:}
        -:  230:
function playCard called 2000 returned 100% blocks executed 27%
     2000:  231:int playCard(int handPos, int choice1, int choice2, int choice3, struct gameState *state) 
        -:  232:{	
        -:  233:  int card;
     2000:  234:  int coin_bonus = 0; 		//tracks coins gain from actions
        -:  235:
        -:  236:  //check if it is the right phase
     2000:  237:  if (state->phase != 0)
branch  0 taken 100% (fallthrough)
branch  1 taken 0%
        -:  238:    {
     2000:  239:      return -1;
        -:  240:    }
        -:  241:	
        -:  242:  //check if player has enough actions
    #####:  243:  if ( state->numActions < 1 )
branch  0 never executed
branch  1 never executed
        -:  244:    {
    #####:  245:      return -1;
        -:  246:    }
        -:  247:	
        -:  248:  //get card played
    #####:  249:  card = handCard(handPos, state);
call    0 never executed
        -:  250:	
        -:  251:  //check if selected card is an action
    #####:  252:  if ( card < adventurer || card > treasure_map )
branch  0 never executed
branch  1 never executed
branch  2 never executed
branch  3 never executed
        -:  253:    {
    #####:  254:      return -1;
        -:  255:    }
        -:  256:	
        -:  257:  //play card
    #####:  258:  if ( cardEffect(card, choice1, choice2, choice3, state, handPos, &coin_bonus) < 0 )
call    0 never executed
branch  1 never executed
branch  2 never executed
        -:  259:    {
    #####:  260:      return -1;
        -:  261:    }
        -:  262:	
        -:  263:  //reduce number of actions
    #####:  264:  state->numActions--;
        -:  265:
        -:  266:  //update coins (Treasure cards may be added with card draws)
    #####:  267:  updateCoins(state->whoseTurn, state, coin_bonus);
call    0 never executed
        -:  268:	
    #####:  269:  return 0;
        -:  270:}
        -:  271:
function buyCard called 0 returned 0% blocks executed 0%
    #####:  272:int buyCard(int supplyPos, struct gameState *state) {
        -:  273:  int who;
        -:  274:  if (DEBUG){
        -:  275:    printf("Entering buyCard...\n");
        -:  276:  }
        -:  277:
        -:  278:  // I don't know what to do about the phase thing.
        -:  279:
    #####:  280:  who = state->whoseTurn;
        -:  281:
    #####:  282:  if (state->numBuys < 1){
branch  0 never executed
branch  1 never executed
        -:  283:    if (DEBUG)
        -:  284:      printf("You do not have any buys left\n");
    #####:  285:    return -1;
    #####:  286:  } else if (supplyCount(supplyPos, state) <1){
call    0 never executed
branch  1 never executed
branch  2 never executed
        -:  287:    if (DEBUG)
        -:  288:      printf("There are not any of that type of card left\n");
    #####:  289:    return -1;
    #####:  290:  } else if (state->coins < getCost(supplyPos)){
call    0 never executed
branch  1 never executed
branch  2 never executed
        -:  291:    if (DEBUG) 
        -:  292:      printf("You do not have enough money to buy that. You have %d coins.\n", state->coins);
    #####:  293:    return -1;
        -:  294:  } else {
    #####:  295:    state->phase=1;
        -:  296:    //state->supplyCount[supplyPos]--;
    #####:  297:    gainCard(supplyPos, state, 0, who); //card goes in discard, this might be wrong.. (2 means goes into hand, 0 goes into discard)
call    0 never executed
        -:  298:  
    #####:  299:    state->coins = (state->coins) - (getCost(supplyPos));
call    0 never executed
    #####:  300:    state->numBuys--;
        -:  301:    if (DEBUG)
        -:  302:      printf("You bought card number %d for %d coins. You now have %d buys and %d coins.\n", supplyPos, getCost(supplyPos), state->numBuys, state->coins);
        -:  303:  }
        -:  304:
        -:  305:  //state->discard[who][state->discardCount[who]] = supplyPos;
        -:  306:  //state->discardCount[who]++;
        -:  307:    
    #####:  308:  return 0;
        -:  309:}
        -:  310:
function numHandCards called 0 returned 0% blocks executed 0%
    #####:  311:int numHandCards(struct gameState *state) {
    #####:  312:  return state->handCount[ whoseTurn(state) ];
call    0 never executed
        -:  313:}
        -:  314:
function handCard called 0 returned 0% blocks executed 0%
    #####:  315:int handCard(int handPos, struct gameState *state) {
    #####:  316:  int currentPlayer = whoseTurn(state);
call    0 never executed
    #####:  317:  return state->hand[currentPlayer][handPos];
        -:  318:}
        -:  319:
function supplyCount called 0 returned 0% blocks executed 0%
    #####:  320:int supplyCount(int card, struct gameState *state) {
    #####:  321:  return state->supplyCount[card];
        -:  322:}
        -:  323:
function fullDeckCount called 0 returned 0% blocks executed 0%
    #####:  324:int fullDeckCount(int player, int card, struct gameState *state) {
        -:  325:  int i;
    #####:  326:  int count = 0;
        -:  327:
    #####:  328:  for (i = 0; i < state->deckCount[player]; i++)
branch  0 never executed
branch  1 never executed
        -:  329:    {
    #####:  330:      if (state->deck[player][i] == card) count++;
branch  0 never executed
branch  1 never executed
        -:  331:    }
        -:  332:
    #####:  333:  for (i = 0; i < state->handCount[player]; i++)
branch  0 never executed
branch  1 never executed
        -:  334:    {
    #####:  335:      if (state->hand[player][i] == card) count++;
branch  0 never executed
branch  1 never executed
        -:  336:    }
        -:  337:
    #####:  338:  for (i = 0; i < state->discardCount[player]; i++)
branch  0 never executed
branch  1 never executed
        -:  339:    {
    #####:  340:      if (state->discard[player][i] == card) count++;
branch  0 never executed
branch  1 never executed
        -:  341:    }
        -:  342:
    #####:  343:  return count;
        -:  344:}
        -:  345:
function whoseTurn called 0 returned 0% blocks executed 0%
    #####:  346:int whoseTurn(struct gameState *state) {
    #####:  347:  return state->whoseTurn;
        -:  348:}
        -:  349:
function endTurn called 0 returned 0% blocks executed 0%
    #####:  350:int endTurn(struct gameState *state) {
        -:  351:  int k;
        -:  352:  int i;
    #####:  353:  int currentPlayer = whoseTurn(state);
call    0 never executed
        -:  354:  
        -:  355:  //Discard hand
    #####:  356:  for (i = 0; i < state->handCount[currentPlayer]; i++){
branch  0 never executed
branch  1 never executed
    #####:  357:    state->discard[currentPlayer][state->discardCount[currentPlayer]++] = state->hand[currentPlayer][i];//Discard
    #####:  358:    state->hand[currentPlayer][i] = -1;//Set card to -1
        -:  359:  }
    #####:  360:  state->handCount[currentPlayer] = 0;//Reset hand count
        -:  361:    
        -:  362:  //Code for determining the player
    #####:  363:  if (currentPlayer < (state->numPlayers - 1)){ 
branch  0 never executed
branch  1 never executed
    #####:  364:    state->whoseTurn = currentPlayer + 1;//Still safe to increment
        -:  365:  }
        -:  366:  else{
    #####:  367:    state->whoseTurn = 0;//Max player has been reached, loop back around to player 1
        -:  368:  }
        -:  369:
    #####:  370:  state->outpostPlayed = 0;
    #####:  371:  state->phase = 0;
    #####:  372:  state->numActions = 1;
    #####:  373:  state->coins = 0;
    #####:  374:  state->numBuys = 1;
    #####:  375:  state->playedCardCount = 0;
    #####:  376:  state->handCount[state->whoseTurn] = 0;
        -:  377:
        -:  378:  //int k; move to top
        -:  379:  //Next player draws hand
    #####:  380:  for (k = 0; k < 5; k++){
branch  0 never executed
branch  1 never executed
    #####:  381:    drawCard(state->whoseTurn, state);//Draw a card
call    0 never executed
        -:  382:  }
        -:  383:
        -:  384:  //Update money
    #####:  385:  updateCoins(state->whoseTurn, state , 0);
call    0 never executed
        -:  386:
    #####:  387:  return 0;
        -:  388:}
        -:  389:
function isGameOver called 0 returned 0% blocks executed 0%
    #####:  390:int isGameOver(struct gameState *state) {
        -:  391:  int i;
        -:  392:  int j;
        -:  393:	
        -:  394:  //if stack of Province cards is empty, the game ends
    #####:  395:  if (state->supplyCount[province] == 0)
branch  0 never executed
branch  1 never executed
        -:  396:    {
    #####:  397:      return 1;
        -:  398:    }
        -:  399:
        -:  400:  //if three supply pile are at 0, the game ends
    #####:  401:  j = 0;
    #####:  402:  for (i = 0; i < 25; i++)
branch  0 never executed
branch  1 never executed
        -:  403:    {
    #####:  404:      if (state->supplyCount[i] == 0)
branch  0 never executed
branch  1 never executed
        -:  405:	{
    #####:  406:	  j++;
        -:  407:	}
        -:  408:    }
    #####:  409:  if ( j >= 3)
branch  0 never executed
branch  1 never executed
        -:  410:    {
    #####:  411:      return 1;
        -:  412:    }
        -:  413:
    #####:  414:  return 0;
        -:  415:}
        -:  416:
function scoreFor called 0 returned 0% blocks executed 0%
    #####:  417:int scoreFor (int player, struct gameState *state) {
        -:  418:
        -:  419:  int i;
    #####:  420:  int score = 0;
        -:  421:  //score from hand
    #####:  422:  for (i = 0; i < state->handCount[player]; i++)
branch  0 never executed
branch  1 never executed
        -:  423:    {
    #####:  424:      if (state->hand[player][i] == curse) { score = score - 1; };
branch  0 never executed
branch  1 never executed
    #####:  425:      if (state->hand[player][i] == estate) { score = score + 1; };
branch  0 never executed
branch  1 never executed
    #####:  426:      if (state->hand[player][i] == duchy) { score = score + 3; };
branch  0 never executed
branch  1 never executed
    #####:  427:      if (state->hand[player][i] == province) { score = score + 6; };
branch  0 never executed
branch  1 never executed
    #####:  428:      if (state->hand[player][i] == great_hall) { score = score + 1; };
branch  0 never executed
branch  1 never executed
    #####:  429:      if (state->hand[player][i] == gardens) { score = score + ( fullDeckCount(player, 0, state) / 10 ); };
branch  0 never executed
branch  1 never executed
call    2 never executed
        -:  430:    }
        -:  431:
        -:  432:  //score from discard
    #####:  433:  for (i = 0; i < state->discardCount[player]; i++)
branch  0 never executed
branch  1 never executed
        -:  434:    {
    #####:  435:      if (state->discard[player][i] == curse) { score = score - 1; };
branch  0 never executed
branch  1 never executed
    #####:  436:      if (state->discard[player][i] == estate) { score = score + 1; };
branch  0 never executed
branch  1 never executed
    #####:  437:      if (state->discard[player][i] == duchy) { score = score + 3; };
branch  0 never executed
branch  1 never executed
    #####:  438:      if (state->discard[player][i] == province) { score = score + 6; };
branch  0 never executed
branch  1 never executed
    #####:  439:      if (state->discard[player][i] == great_hall) { score = score + 1; };
branch  0 never executed
branch  1 never executed
    #####:  440:      if (state->discard[player][i] == gardens) { score = score + ( fullDeckCount(player, 0, state) / 10 ); };
branch  0 never executed
branch  1 never executed
call    2 never executed
        -:  441:    }
        -:  442:
        -:  443:  //score from deck
    #####:  444:  for (i = 0; i < state->discardCount[player]; i++)
branch  0 never executed
branch  1 never executed
        -:  445:    {
    #####:  446:      if (state->deck[player][i] == curse) { score = score - 1; };
branch  0 never executed
branch  1 never executed
    #####:  447:      if (state->deck[player][i] == estate) { score = score + 1; };
branch  0 never executed
branch  1 never executed
    #####:  448:      if (state->deck[player][i] == duchy) { score = score + 3; };
branch  0 never executed
branch  1 never executed
    #####:  449:      if (state->deck[player][i] == province) { score = score + 6; };
branch  0 never executed
branch  1 never executed
    #####:  450:      if (state->deck[player][i] == great_hall) { score = score + 1; };
branch  0 never executed
branch  1 never executed
    #####:  451:      if (state->deck[player][i] == gardens) { score = score + ( fullDeckCount(player, 0, state) / 10 ); };
branch  0 never executed
branch  1 never executed
call    2 never executed
        -:  452:    }
        -:  453:
    #####:  454:  return score;
        -:  455:}
        -:  456:
function getWinners called 0 returned 0% blocks executed 0%
    #####:  457:int getWinners(int players[MAX_PLAYERS], struct gameState *state) {
        -:  458:  int i;	
        -:  459:  int j;
        -:  460:  int highScore;
        -:  461:  int currentPlayer;
        -:  462:
        -:  463:  //get score for each player
    #####:  464:  for (i = 0; i < MAX_PLAYERS; i++)
branch  0 never executed
branch  1 never executed
        -:  465:    {
        -:  466:      //set unused player scores to -9999
    #####:  467:      if (i >= state->numPlayers)
branch  0 never executed
branch  1 never executed
        -:  468:	{
    #####:  469:	  players[i] = -9999;
        -:  470:	}
        -:  471:      else
        -:  472:	{
    #####:  473:	  players[i] = scoreFor (i, state);
call    0 never executed
        -:  474:	}
        -:  475:    }
        -:  476:
        -:  477:  //find highest score
    #####:  478:  j = 0;
    #####:  479:  for (i = 0; i < MAX_PLAYERS; i++)
branch  0 never executed
branch  1 never executed
        -:  480:    {
    #####:  481:      if (players[i] > players[j])
branch  0 never executed
branch  1 never executed
        -:  482:	{
    #####:  483:	  j = i;
        -:  484:	}
        -:  485:    }
    #####:  486:  highScore = players[j];
        -:  487:
        -:  488:  //add 1 to players who had less turns
    #####:  489:  currentPlayer = whoseTurn(state);
call    0 never executed
    #####:  490:  for (i = 0; i < MAX_PLAYERS; i++)
branch  0 never executed
branch  1 never executed
        -:  491:    {
    #####:  492:      if ( players[i] == highScore && i > currentPlayer )
branch  0 never executed
branch  1 never executed
branch  2 never executed
branch  3 never executed
        -:  493:	{
    #####:  494:	  players[i]++;
        -:  495:	}
        -:  496:    }
        -:  497:
        -:  498:  //find new highest score
    #####:  499:  j = 0;
    #####:  500:  for (i = 0; i < MAX_PLAYERS; i++)
branch  0 never executed
branch  1 never executed
        -:  501:    {
    #####:  502:      if ( players[i] > players[j] )
branch  0 never executed
branch  1 never executed
        -:  503:	{
    #####:  504:	  j = i;
        -:  505:	}
        -:  506:    }
    #####:  507:  highScore = players[j];
        -:  508:
        -:  509:  //set winners in array to 1 and rest to 0
    #####:  510:  for (i = 0; i < MAX_PLAYERS; i++)
branch  0 never executed
branch  1 never executed
        -:  511:    {
    #####:  512:      if ( players[i] == highScore )
branch  0 never executed
branch  1 never executed
        -:  513:	{
    #####:  514:	  players[i] = 1;
        -:  515:	}
        -:  516:      else
        -:  517:	{
    #####:  518:	  players[i] = 0;
        -:  519:	}
        -:  520:    }
        -:  521:
    #####:  522:  return 0;
        -:  523:}
        -:  524:
function drawCard called 0 returned 0% blocks executed 0%
    #####:  525:int drawCard(int player, struct gameState *state)
        -:  526:{	int count;
        -:  527:  int deckCounter;
    #####:  528:  if (state->deckCount[player] <= 0){//Deck is empty
branch  0 never executed
branch  1 never executed
        -:  529:    
        -:  530:    //Step 1 Shuffle the discard pile back into a deck
        -:  531:    int i;
        -:  532:    //Move discard to deck
    #####:  533:    for (i = 0; i < state->discardCount[player];i++){
branch  0 never executed
branch  1 never executed
    #####:  534:      state->deck[player][i] = state->discard[player][i];
    #####:  535:      state->discard[player][i] = -1;
        -:  536:    }
        -:  537:
    #####:  538:    state->deckCount[player] = state->discardCount[player];
    #####:  539:    state->discardCount[player] = 0;//Reset discard
        -:  540:
        -:  541:    //Shufffle the deck
    #####:  542:    shuffle(player, state);//Shuffle the deck up and make it so that we can draw
call    0 never executed
        -:  543:   
        -:  544:    if (DEBUG){//Debug statements
        -:  545:      printf("Deck count now: %d\n", state->deckCount[player]);
        -:  546:    }
        -:  547:    
    #####:  548:    state->discardCount[player] = 0;
        -:  549:
        -:  550:    //Step 2 Draw Card
    #####:  551:    count = state->handCount[player];//Get current player's hand count
        -:  552:    
        -:  553:    if (DEBUG){//Debug statements
        -:  554:      printf("Current hand count: %d\n", count);
        -:  555:    }
        -:  556:    
    #####:  557:    deckCounter = state->deckCount[player];//Create a holder for the deck count
        -:  558:
    #####:  559:    if (deckCounter == 0)
branch  0 never executed
branch  1 never executed
    #####:  560:      return -1;
        -:  561:
    #####:  562:    state->hand[player][count] = state->deck[player][deckCounter - 1];//Add card to hand
    #####:  563:    state->deckCount[player]--;
    #####:  564:    state->handCount[player]++;//Increment hand count
        -:  565:  }
        -:  566:
        -:  567:  else{
    #####:  568:    int count = state->handCount[player];//Get current hand count for player
        -:  569:    int deckCounter;
        -:  570:    if (DEBUG){//Debug statements
        -:  571:      printf("Current hand count: %d\n", count);
        -:  572:    }
        -:  573:
    #####:  574:    deckCounter = state->deckCount[player];//Create holder for the deck count
    #####:  575:    state->hand[player][count] = state->deck[player][deckCounter - 1];//Add card to the hand
    #####:  576:    state->deckCount[player]--;
    #####:  577:    state->handCount[player]++;//Increment hand count
        -:  578:  }
        -:  579:
    #####:  580:  return 0;
        -:  581:}
        -:  582:
function getCost called 0 returned 0% blocks executed 0%
    #####:  583:int getCost(int cardNumber)
        -:  584:{
    #####:  585:  switch( cardNumber ) 
branch  0 never executed
branch  1 never executed
branch  2 never executed
branch  3 never executed
branch  4 never executed
branch  5 never executed
branch  6 never executed
branch  7 never executed
branch  8 never executed
branch  9 never executed
branch 10 never executed
branch 11 never executed
branch 12 never executed
branch 13 never executed
branch 14 never executed
branch 15 never executed
branch 16 never executed
branch 17 never executed
branch 18 never executed
branch 19 never executed
branch 20 never executed
branch 21 never executed
branch 22 never executed
branch 23 never executed
branch 24 never executed
branch 25 never executed
branch 26 never executed
branch 27 never executed
        -:  586:    {
        -:  587:    case curse:
    #####:  588:      return 0;
        -:  589:    case estate:
    #####:  590:      return 2;
        -:  591:    case duchy:
    #####:  592:      return 5;
        -:  593:    case province:
    #####:  594:      return 8;
        -:  595:    case copper:
    #####:  596:      return 0;
        -:  597:    case silver:
    #####:  598:      return 3;
        -:  599:    case gold:
    #####:  600:      return 6;
        -:  601:    case adventurer:
    #####:  602:      return 6;
        -:  603:    case council_room:
    #####:  604:      return 5;
        -:  605:    case feast:
    #####:  606:      return 4;
        -:  607:    case gardens:
    #####:  608:      return 4;
        -:  609:    case mine:
    #####:  610:      return 5;
        -:  611:    case remodel:
    #####:  612:      return 4;
        -:  613:    case smithy:
    #####:  614:      return 4;
        -:  615:    case village:
    #####:  616:      return 3;
        -:  617:    case baron:
    #####:  618:      return 4;
        -:  619:    case great_hall:
    #####:  620:      return 3;
        -:  621:    case minion:
    #####:  622:      return 5;
        -:  623:    case steward:
    #####:  624:      return 3;
        -:  625:    case tribute:
    #####:  626:      return 5;
        -:  627:    case ambassador:
    #####:  628:      return 3;
        -:  629:    case cutpurse:
    #####:  630:      return 4;
        -:  631:    case embargo: 
    #####:  632:      return 2;
        -:  633:    case outpost:
    #####:  634:      return 5;
        -:  635:    case salvager:
    #####:  636:      return 4;
        -:  637:    case sea_hag:
    #####:  638:      return 4;
        -:  639:    case treasure_map:
    #####:  640:      return 4;
        -:  641:    }
        -:  642:	
    #####:  643:  return -1;
        -:  644:}
        -:  645:
function Adventurer called 0 returned 0% blocks executed 0%
    #####:  646:int Adventurer(int choice1, int choice2, int choice3, struct gameState *state, int handPos, int currentPlayer, int temphand[MAX_HAND])
        -:  647:{
    #####:  648:	int z = 0;
    #####:  649:	int drawntreasure = 0;
        -:  650:	int cardDrawn;
    #####:  651:	while(drawntreasure<2){
branch  0 never executed
branch  1 never executed
    #####:  652:	if (state->deckCount[currentPlayer] <1){//if the deck is empty we need to shuffle discard and add to deck
branch  0 never executed
branch  1 never executed
    #####:  653:	  shuffle(currentPlayer, state);
call    0 never executed
        -:  654:	}
    #####:  655:	drawCard(currentPlayer, state);
call    0 never executed
    #####:  656:	cardDrawn = state->hand[currentPlayer][state->handCount[currentPlayer]-1];//top card of hand is most recently drawn card.
    #####:  657:	if (cardDrawn == copper || cardDrawn == silver || cardDrawn == gold)
branch  0 never executed
branch  1 never executed
branch  2 never executed
branch  3 never executed
branch  4 never executed
branch  5 never executed
    #####:  658:	  drawntreasure++;
        -:  659:	else{
    #####:  660:	  temphand[z]=cardDrawn;
    #####:  661:	  state->handCount[currentPlayer]--; //this should just remove the top card (the most recently drawn one).
    #####:  662:	  z++;
        -:  663:	}
        -:  664:      }
    #####:  665:      while(z-1 > -1){
branch  0 never executed
branch  1 never executed
    #####:  666:	state->discard[currentPlayer][state->discardCount[currentPlayer]++]=temphand[z-1]; // discard all cards in play that have been drawn
    #####:  667:	z=z-1;
        -:  668:      }
    #####:  669:      return 0;
        -:  670:}
        -:  671:
function Smithy called 0 returned 0% blocks executed 0%
    #####:  672:int Smithy(int choice1, int choice2, int choice3, struct gameState *state, int handPos, int currentPlayer)
        -:  673:{
    #####:  674:	int i = 0;
        -:  675:	//+3 Cards
    #####:  676:      for (i = 0; i < 2; i++)
branch  0 never executed
branch  1 never executed
        -:  677:	{
    #####:  678:	  drawCard(currentPlayer, state);
call    0 never executed
        -:  679:	}
        -:  680:			
        -:  681:      //discard card from hand
    #####:  682:      discardCard(handPos, currentPlayer, state, 0);
call    0 never executed
    #####:  683:      return 0;
        -:  684:}
        -:  685:
function Remodel called 0 returned 0% blocks executed 0%
    #####:  686:int Remodel(int choice1, int choice2, int choice3, struct gameState *state, int handPos, int currentPlayer)
        -:  687:{
    #####:  688:	int i = 0, j = 0;
    #####:  689:	j = state->hand[currentPlayer][choice1];  //store card we will trash
        -:  690:
    #####:  691:      if ( (getCost(state->hand[currentPlayer][choice1]) + 2) > getCost(choice2) )
call    0 never executed
call    1 never executed
branch  2 never executed
branch  3 never executed
        -:  692:	{
    #####:  693:	  return 0;
        -:  694:	}
    #####:  695:      gainCard(choice2, state, 0, currentPlayer);
call    0 never executed
    #####:  696:      printf("gained card\n");
call    0 never executed
        -:  697:      //discard card from hand
    #####:  698:      printf("handPos: %d, currentPlayer: %d\n", handPos, currentPlayer);
call    0 never executed
    #####:  699:      discardCard(handPos, currentPlayer, state, 0);
call    0 never executed
    #####:  700:      printf("discarded card\n");
call    0 never executed
        -:  701:      //discard trashed card
    #####:  702:      for (i = 0; i < state->handCount[currentPlayer]; i++)
branch  0 never executed
branch  1 never executed
        -:  703:	{
    #####:  704:	  if (state->hand[currentPlayer][i] == j)
branch  0 never executed
branch  1 never executed
        -:  705:	    {
    #####:  706:	      discardCard(i, currentPlayer, state, 0);			
call    0 never executed
    #####:  707:	      break;
        -:  708:	    }
        -:  709:	}
    #####:  710:      return 0;
        -:  711:}
        -:  712:
function Feast called 0 returned 0% blocks executed 0%
    #####:  713:int Feast(int choice1, int choice2, int choice3, struct gameState *state, int handPos, int currentPlayer)
        -:  714:{
    #####:  715:	int i = 0, x = 0;
        -:  716:	int temphand[MAX_HAND];
    #####:  717:  printf("variables done\n");
call    0 never executed
        -:  718:	//gain card with cost up to 5
        -:  719:      //Backup hand
    #####:  720:      for (i = 0; i <= state->handCount[currentPlayer]; i++){
branch  0 never executed
branch  1 never executed
    #####:  721:	temphand[i] = state->hand[currentPlayer][i];//Backup card
    #####:  722:	state->hand[currentPlayer][i] = -1;//Set to nothing
        -:  723:      }
    #####:  724:      printf("for loop done\n");
call    0 never executed
        -:  725:      //Backup hand
        -:  726:
        -:  727:      //Update Coins for Buy
    #####:  728:      updateCoins(currentPlayer, state, 5);
call    0 never executed
    #####:  729:      printf("coins updated\n");
call    0 never executed
    #####:  730:      x = 1;//Condition to loop on
    #####:  731:      while( x == 1) {//Buy one card
branch  0 never executed
branch  1 never executed
    #####:  732:      	if (supplyCount(choice1, state) <= 0){
call    0 never executed
branch  1 never executed
branch  2 never executed
        -:  733:      	  if (DEBUG)
        -:  734:      	    printf("None of that card left, sorry!\n");
        -:  735:
        -:  736:      	  if (DEBUG){
        -:  737:      	    printf("Cards Left: %d\n", supplyCount(choice1, state));
        -:  738:      	  }
        -:  739:      	}
    #####:  740:      	else if (state->coins < getCost(choice1)){
call    0 never executed
branch  1 never executed
branch  2 never executed
    #####:  741:      	  printf("That card is too expensive!\n");
call    0 never executed
        -:  742:
        -:  743:      	  if (DEBUG){
        -:  744:      	    printf("Coins: %d < %d\n", state->coins, getCost(choice1));
        -:  745:      	  }
        -:  746:      	}
        -:  747:      	else{
        -:  748:
        -:  749:      	  if (DEBUG){
        -:  750:      	    printf("Deck Count: %d\n", state->handCount[currentPlayer] + state->deckCount[currentPlayer] + state->discardCount[currentPlayer]);
        -:  751:      	  }
    #####:  752:          printf("at gaincard in Feast\n");
call    0 never executed
    #####:  753:      	  gainCard(choice1, state, 0, currentPlayer);//Gain the card
call    0 never executed
    #####:  754:          printf("card gained\n");
call    0 never executed
    #####:  755:      	  x = 0;//No more buying cards
        -:  756:
        -:  757:      	  if (DEBUG){
        -:  758:      	    printf("Deck Count: %d\n", state->handCount[currentPlayer] + state->deckCount[currentPlayer] + state->discardCount[currentPlayer]);
        -:  759:      	  }
        -:  760:
        -:  761:      	}
        -:  762:      }
    #####:  763:      printf("while loop done\n");
call    0 never executed
        -:  764:
        -:  765:      //Reset Hand
    #####:  766:      for (i = 0; i <= state->handCount[currentPlayer]; i++){
branch  0 never executed
branch  1 never executed
    #####:  767:	state->hand[currentPlayer][i] = temphand[i];
    #####:  768:	temphand[i] = -1;
        -:  769:      }
        -:  770:      //Reset Hand
    #####:  771:      return 0;
        -:  772:}
        -:  773:
function Steward called 0 returned 0% blocks executed 0%
    #####:  774:int Steward(int choice1, int choice2, int choice3, struct gameState *state, int handPos, int currentPlayer)
        -:  775:{
    #####:  776:	if (choice1 == 1)
branch  0 never executed
branch  1 never executed
        -:  777:	{
        -:  778:	  //+2 cards
    #####:  779:	  drawCard(currentPlayer, state);
call    0 never executed
    #####:  780:	  drawCard(currentPlayer, state);
call    0 never executed
        -:  781:	}
    #####:  782:      else if (choice1 == 2)
branch  0 never executed
branch  1 never executed
        -:  783:	{
        -:  784:	  //+2 coins
    #####:  785:	  state->coins = state->coins + 3;
        -:  786:	}
        -:  787:      else
        -:  788:	{
        -:  789:	  //trash 2 cards in hand
    #####:  790:	  discardCard(choice2, currentPlayer, state, 1);
call    0 never executed
    #####:  791:	  discardCard(choice3, currentPlayer, state, 1);
call    0 never executed
        -:  792:	}
        -:  793:			
        -:  794:      //discard card from hand
    #####:  795:      discardCard(handPos, currentPlayer, state, 0);
call    0 never executed
    #####:  796:      return 0;
        -:  797:}
function cardEffect called 0 returned 0% blocks executed 0%
    #####:  798:int cardEffect(int card, int choice1, int choice2, int choice3, struct gameState *state, int handPos, int *bonus)
        -:  799:{
        -:  800:  int i;
        -:  801:  int j;
        -:  802:  int k;
        -:  803: // int x;
        -:  804:  int index;
    #####:  805:  int currentPlayer = whoseTurn(state);
call    0 never executed
    #####:  806:  int nextPlayer = currentPlayer + 1;
        -:  807:
    #####:  808:  int tributeRevealedCards[2] = {-1, -1};
        -:  809:  int temphand[MAX_HAND];// moved above the if statement
        -:  810: // int drawntreasure=0;
        -:  811: // int cardDrawn;
        -:  812: // int z = 0;// this is the counter for the temp hand
    #####:  813:  if (nextPlayer > (state->numPlayers - 1)){
branch  0 never executed
branch  1 never executed
    #####:  814:    nextPlayer = 0;
        -:  815:  }
        -:  816:  
    #####:  817:	if (card == adventurer)
branch  0 never executed
branch  1 never executed
        -:  818:	{
    #####:  819:    	Adventurer(choice1, choice2, choice3, state, handPos, currentPlayer, temphand);
call    0 never executed
        -:  820:	}
    #####:  821:	else if (card == smithy)
branch  0 never executed
branch  1 never executed
        -:  822:	{
    #####:  823:		Smithy(choice1, choice2, choice3, state, handPos, currentPlayer);
call    0 never executed
        -:  824:	}
    #####:  825:	else if (card == remodel)
branch  0 never executed
branch  1 never executed
        -:  826:	{
    #####:  827:		Remodel(choice1, choice2, choice3, state, handPos, currentPlayer);
call    0 never executed
        -:  828:	}
    #####:  829:	else if (card == feast)
branch  0 never executed
branch  1 never executed
        -:  830:	{
    #####:  831:		Feast(choice1, choice2, choice3, state, handPos, currentPlayer);
call    0 never executed
        -:  832:	}
    #####:  833:	else if (card == steward)
branch  0 never executed
branch  1 never executed
        -:  834:	{
    #####:  835:		Steward(choice1, choice2, choice3, state, handPos, currentPlayer);
call    0 never executed
        -:  836:	}
        -:  837:
        -:  838:  //uses switch to select card and perform actions
    #####:  839:  switch( card ) 
branch  0 never executed
branch  1 never executed
branch  2 never executed
branch  3 never executed
branch  4 never executed
branch  5 never executed
branch  6 never executed
branch  7 never executed
branch  8 never executed
branch  9 never executed
branch 10 never executed
branch 11 never executed
branch 12 never executed
branch 13 never executed
branch 14 never executed
branch 15 never executed
        -:  840:    {
        -:  841:    case council_room:
        -:  842:      //+4 Cards
    #####:  843:      for (i = 0; i < 4; i++)
branch  0 never executed
branch  1 never executed
        -:  844:	{
    #####:  845:	  drawCard(currentPlayer, state);
call    0 never executed
        -:  846:	}
        -:  847:			
        -:  848:      //+1 Buy
    #####:  849:      state->numBuys++;
        -:  850:			
        -:  851:      //Each other player draws a card
    #####:  852:      for (i = 0; i < state->numPlayers; i++)
branch  0 never executed
branch  1 never executed
        -:  853:	{
    #####:  854:	  if ( i != currentPlayer )
branch  0 never executed
branch  1 never executed
        -:  855:	    {
    #####:  856:	      drawCard(i, state);
call    0 never executed
        -:  857:	    }
        -:  858:	}
        -:  859:			
        -:  860:      //put played card in played card pile
    #####:  861:      discardCard(handPos, currentPlayer, state, 0);
call    0 never executed
        -:  862:			
    #####:  863:      return 0;
        -:  864:    case gardens:
    #####:  865:      return -1;
        -:  866:			
        -:  867:    case mine:
    #####:  868:      j = state->hand[currentPlayer][choice1];  //store card we will trash
        -:  869:
    #####:  870:      if (state->hand[currentPlayer][choice1] < copper || state->hand[currentPlayer][choice1] > gold)
branch  0 never executed
branch  1 never executed
branch  2 never executed
branch  3 never executed
        -:  871:	{
    #####:  872:	  return -1;
        -:  873:	}
        -:  874:		
    #####:  875:      if (choice2 > treasure_map || choice2 < curse)
branch  0 never executed
branch  1 never executed
branch  2 never executed
branch  3 never executed
        -:  876:	{
    #####:  877:	  return -1;
        -:  878:	}
        -:  879:
    #####:  880:      if ( (getCost(state->hand[currentPlayer][choice1]) + 3) > getCost(choice2) )
call    0 never executed
call    1 never executed
branch  2 never executed
branch  3 never executed
        -:  881:	{
    #####:  882:	  return -1;
        -:  883:	}
        -:  884:
    #####:  885:      gainCard(choice2, state, 2, currentPlayer);
call    0 never executed
        -:  886:
        -:  887:      //discard card from hand
    #####:  888:      discardCard(handPos, currentPlayer, state, 0);
call    0 never executed
        -:  889:
        -:  890:      //discard trashed card
    #####:  891:      for (i = 0; i < state->handCount[currentPlayer]; i++)
branch  0 never executed
branch  1 never executed
        -:  892:	{
    #####:  893:	  if (state->hand[currentPlayer][i] == j)
branch  0 never executed
branch  1 never executed
        -:  894:	    {
    #####:  895:	      discardCard(i, currentPlayer, state, 0);			
call    0 never executed
    #####:  896:	      break;
        -:  897:	    }
        -:  898:	}
        -:  899:			
    #####:  900:      return 0;
        -:  901:    case village:
        -:  902:      //+1 Card
    #####:  903:      drawCard(currentPlayer, state);
call    0 never executed
        -:  904:			
        -:  905:      //+2 Actions
    #####:  906:      state->numActions = state->numActions + 2;
        -:  907:			
        -:  908:      //discard played card from hand
    #####:  909:      discardCard(handPos, currentPlayer, state, 0);
call    0 never executed
    #####:  910:      return 0;
        -:  911:    	// smithy();
        -:  912:    	// return 0;
        -:  913:    case baron:
    #####:  914:      state->numBuys++;//Increase buys by 1!
    #####:  915:      if (choice1 > 0){//Boolean true or going to discard an estate
branch  0 never executed
branch  1 never executed
    #####:  916:	int p = 0;//Iterator for hand!
    #####:  917:	int card_not_discarded = 1;//Flag for discard set!
    #####:  918:	while(card_not_discarded){
branch  0 never executed
branch  1 never executed
    #####:  919:	  if (state->hand[currentPlayer][p] == estate){//Found an estate card!
branch  0 never executed
branch  1 never executed
    #####:  920:	    state->coins += 4;//Add 4 coins to the amount of coins
    #####:  921:	    state->discard[currentPlayer][state->discardCount[currentPlayer]] = state->hand[currentPlayer][p];
    #####:  922:	    state->discardCount[currentPlayer]++;
    #####:  923:	    for (;p < state->handCount[currentPlayer]; p++){
branch  0 never executed
branch  1 never executed
    #####:  924:	      state->hand[currentPlayer][p] = state->hand[currentPlayer][p+1];
        -:  925:	    }
    #####:  926:	    state->hand[currentPlayer][state->handCount[currentPlayer]] = -1;
    #####:  927:	    state->handCount[currentPlayer]--;
    #####:  928:	    card_not_discarded = 0;//Exit the loop
        -:  929:	  }
    #####:  930:	  else if (p > state->handCount[currentPlayer]){
branch  0 never executed
branch  1 never executed
        -:  931:	    if(DEBUG) {
        -:  932:	      printf("No estate cards in your hand, invalid choice\n");
        -:  933:	      printf("Must gain an estate if there are any\n");
        -:  934:	    }
    #####:  935:	    if (supplyCount(estate, state) > 0){
call    0 never executed
branch  1 never executed
branch  2 never executed
    #####:  936:	      gainCard(estate, state, 0, currentPlayer);
call    0 never executed
    #####:  937:	      state->supplyCount[estate]--;//Decrement estates
    #####:  938:	      if (supplyCount(estate, state) == 0){
call    0 never executed
branch  1 never executed
branch  2 never executed
    #####:  939:		isGameOver(state);
call    0 never executed
        -:  940:	      }
        -:  941:	    }
    #####:  942:	    card_not_discarded = 0;//Exit the loop
        -:  943:	  }
        -:  944:			    
        -:  945:	  else{
    #####:  946:	    p++;//Next card
        -:  947:	  }
        -:  948:	}
        -:  949:      }
        -:  950:			    
        -:  951:      else{
    #####:  952:	if (supplyCount(estate, state) > 0){
call    0 never executed
branch  1 never executed
branch  2 never executed
    #####:  953:	  gainCard(estate, state, 0, currentPlayer);//Gain an estate
call    0 never executed
    #####:  954:	  state->supplyCount[estate]--;//Decrement Estates
    #####:  955:	  if (supplyCount(estate, state) == 0){
call    0 never executed
branch  1 never executed
branch  2 never executed
    #####:  956:	    isGameOver(state);
call    0 never executed
        -:  957:	  }
        -:  958:	}
        -:  959:      }
    #####:  960:      return 0;
        -:  961:		
        -:  962:    case great_hall:
        -:  963:      //+1 Card
    #####:  964:      drawCard(currentPlayer, state);
call    0 never executed
        -:  965:			
        -:  966:      //+1 Actions
    #####:  967:      state->numActions++;
        -:  968:			
        -:  969:      //discard card from hand
    #####:  970:      discardCard(handPos, currentPlayer, state, 0);
call    0 never executed
    #####:  971:      return 0;
        -:  972:		
        -:  973:    case minion:
        -:  974:      //+1 action
    #####:  975:      state->numActions++;
        -:  976:			
        -:  977:      //discard card from hand
    #####:  978:      discardCard(handPos, currentPlayer, state, 0);
call    0 never executed
        -:  979:			
    #####:  980:      if (choice1)		//+2 coins
branch  0 never executed
branch  1 never executed
        -:  981:	{
    #####:  982:	  state->coins = state->coins + 2;
        -:  983:	}
        -:  984:			
    #####:  985:      else if (choice2)		//discard hand, redraw 4, other players with 5+ cards discard hand and draw 4
branch  0 never executed
branch  1 never executed
        -:  986:	{
        -:  987:	  //discard hand
    #####:  988:	  while(numHandCards(state) > 0)
call    0 never executed
branch  1 never executed
branch  2 never executed
        -:  989:	    {
    #####:  990:	      discardCard(handPos, currentPlayer, state, 0);
call    0 never executed
        -:  991:	    }
        -:  992:				
        -:  993:	  //draw 4
    #####:  994:	  for (i = 0; i < 4; i++)
branch  0 never executed
branch  1 never executed
        -:  995:	    {
    #####:  996:	      drawCard(currentPlayer, state);
call    0 never executed
        -:  997:	    }
        -:  998:				
        -:  999:	  //other players discard hand and redraw if hand size > 4
    #####: 1000:	  for (i = 0; i < state->numPlayers; i++)
branch  0 never executed
branch  1 never executed
        -: 1001:	    {
    #####: 1002:	      if (i != currentPlayer)
branch  0 never executed
branch  1 never executed
        -: 1003:		{
    #####: 1004:		  if ( state->handCount[i] > 4 )
branch  0 never executed
branch  1 never executed
        -: 1005:		    {
        -: 1006:		      //discard hand
    #####: 1007:		      while( state->handCount[i] > 0 )
branch  0 never executed
branch  1 never executed
        -: 1008:			{
    #####: 1009:			  discardCard(handPos, i, state, 0);
call    0 never executed
        -: 1010:			}
        -: 1011:							
        -: 1012:		      //draw 4
    #####: 1013:		      for (j = 0; j < 4; j++)
branch  0 never executed
branch  1 never executed
        -: 1014:			{
    #####: 1015:			  drawCard(i, state);
call    0 never executed
        -: 1016:			}
        -: 1017:		    }
        -: 1018:		}
        -: 1019:	    }
        -: 1020:				
        -: 1021:	}
    #####: 1022:      return 0;
        -: 1023:    case tribute:
    #####: 1024:      if ((state->discardCount[nextPlayer] + state->deckCount[nextPlayer]) <= 1){
branch  0 never executed
branch  1 never executed
    #####: 1025:	if (state->deckCount[nextPlayer] > 0){
branch  0 never executed
branch  1 never executed
    #####: 1026:	  tributeRevealedCards[0] = state->deck[nextPlayer][state->deckCount[nextPlayer]-1];
    #####: 1027:	  state->deckCount[nextPlayer]--;
        -: 1028:	}
    #####: 1029:	else if (state->discardCount[nextPlayer] > 0){
branch  0 never executed
branch  1 never executed
    #####: 1030:	  tributeRevealedCards[0] = state->discard[nextPlayer][state->discardCount[nextPlayer]-1];
    #####: 1031:	  state->discardCount[nextPlayer]--;
        -: 1032:	}
        -: 1033:	else{
        -: 1034:	  //No Card to Reveal
        -: 1035:	  if (DEBUG){
        -: 1036:	    printf("No cards to reveal\n");
        -: 1037:	  }
        -: 1038:	}
        -: 1039:      }
        -: 1040:	    
        -: 1041:      else{
    #####: 1042:	if (state->deckCount[nextPlayer] == 0){
branch  0 never executed
branch  1 never executed
    #####: 1043:	  for (i = 0; i < state->discardCount[nextPlayer]; i++){
branch  0 never executed
branch  1 never executed
    #####: 1044:	    state->deck[nextPlayer][i] = state->discard[nextPlayer][i];//Move to deck
    #####: 1045:	    state->deckCount[nextPlayer]++;
    #####: 1046:	    state->discard[nextPlayer][i] = -1;
    #####: 1047:	    state->discardCount[nextPlayer]--;
        -: 1048:	  }
        -: 1049:			    
    #####: 1050:	  shuffle(nextPlayer,state);//Shuffle the deck
call    0 never executed
        -: 1051:	} 
    #####: 1052:	tributeRevealedCards[0] = state->deck[nextPlayer][state->deckCount[nextPlayer]-1];
    #####: 1053:	state->deck[nextPlayer][state->deckCount[nextPlayer]--] = -1;
    #####: 1054:	state->deckCount[nextPlayer]--;
    #####: 1055:	tributeRevealedCards[1] = state->deck[nextPlayer][state->deckCount[nextPlayer]-1];
    #####: 1056:	state->deck[nextPlayer][state->deckCount[nextPlayer]--] = -1;
    #####: 1057:	state->deckCount[nextPlayer]--;
        -: 1058:      }    
        -: 1059:		       
    #####: 1060:      if (tributeRevealedCards[0] == tributeRevealedCards[1]){//If we have a duplicate card, just drop one 
branch  0 never executed
branch  1 never executed
    #####: 1061:	state->playedCards[state->playedCardCount] = tributeRevealedCards[1];
    #####: 1062:	state->playedCardCount++;
    #####: 1063:	tributeRevealedCards[1] = -1;
        -: 1064:      }
        -: 1065:
    #####: 1066:      for (i = 0; i <= 2; i ++){
branch  0 never executed
branch  1 never executed
    #####: 1067:	if (tributeRevealedCards[i] == copper || tributeRevealedCards[i] == silver || tributeRevealedCards[i] == gold){//Treasure cards
branch  0 never executed
branch  1 never executed
branch  2 never executed
branch  3 never executed
branch  4 never executed
branch  5 never executed
    #####: 1068:	  state->coins += 2;
        -: 1069:	}
        -: 1070:		    
    #####: 1071:	else if (tributeRevealedCards[i] == estate || tributeRevealedCards[i] == duchy || tributeRevealedCards[i] == province || tributeRevealedCards[i] == gardens || tributeRevealedCards[i] == great_hall){//Victory Card Found
branch  0 never executed
branch  1 never executed
branch  2 never executed
branch  3 never executed
branch  4 never executed
branch  5 never executed
branch  6 never executed
branch  7 never executed
branch  8 never executed
branch  9 never executed
    #####: 1072:	  drawCard(currentPlayer, state);
call    0 never executed
    #####: 1073:	  drawCard(currentPlayer, state);
call    0 never executed
        -: 1074:	}
        -: 1075:	else{//Action Card
    #####: 1076:	  state->numActions = state->numActions + 2;
        -: 1077:	}
        -: 1078:      }
        -: 1079:	    
    #####: 1080:      return 0;
        -: 1081:		
        -: 1082:    case ambassador:
    #####: 1083:      j = 0;		//used to check if player has enough cards to discard
        -: 1084:
    #####: 1085:      if (choice2 > 2 || choice2 < 0)
branch  0 never executed
branch  1 never executed
branch  2 never executed
branch  3 never executed
        -: 1086:	{
    #####: 1087:	  return -1;				
        -: 1088:	}
        -: 1089:
    #####: 1090:      if (choice1 == handPos)
branch  0 never executed
branch  1 never executed
        -: 1091:	{
    #####: 1092:	  return -1;
        -: 1093:	}
        -: 1094:
    #####: 1095:      for (i = 0; i < state->handCount[currentPlayer]; i++)
branch  0 never executed
branch  1 never executed
        -: 1096:	{
    #####: 1097:	  if (i != handPos && i == state->hand[currentPlayer][choice1] && i != choice1)
branch  0 never executed
branch  1 never executed
branch  2 never executed
branch  3 never executed
branch  4 never executed
branch  5 never executed
        -: 1098:	    {
    #####: 1099:	      j++;
        -: 1100:	    }
        -: 1101:	}
    #####: 1102:      if (j < choice2)
branch  0 never executed
branch  1 never executed
        -: 1103:	{
    #####: 1104:	  return -1;				
        -: 1105:	}
        -: 1106:
        -: 1107:      if (DEBUG) 
        -: 1108:	printf("Player %d reveals card number: %d\n", currentPlayer, state->hand[currentPlayer][choice1]);
        -: 1109:
        -: 1110:      //increase supply count for choosen card by amount being discarded
    #####: 1111:      state->supplyCount[state->hand[currentPlayer][choice1]] += choice2;
        -: 1112:			
        -: 1113:      //each other player gains a copy of revealed card
    #####: 1114:      for (i = 0; i < state->numPlayers; i++)
branch  0 never executed
branch  1 never executed
        -: 1115:	{
    #####: 1116:	  if (i != currentPlayer)
branch  0 never executed
branch  1 never executed
        -: 1117:	    {
    #####: 1118:	      gainCard(state->hand[currentPlayer][choice1], state, 0, i);
call    0 never executed
        -: 1119:	    }
        -: 1120:	}
        -: 1121:
        -: 1122:      //discard played card from hand
    #####: 1123:      discardCard(handPos, currentPlayer, state, 0);			
call    0 never executed
        -: 1124:
        -: 1125:      //trash copies of cards returned to supply
    #####: 1126:      for (j = 0; j < choice2; j++)
branch  0 never executed
branch  1 never executed
        -: 1127:	{
    #####: 1128:	  for (i = 0; i < state->handCount[currentPlayer]; i++)
branch  0 never executed
branch  1 never executed
        -: 1129:	    {
    #####: 1130:	      if (state->hand[currentPlayer][i] == state->hand[currentPlayer][choice1])
branch  0 never executed
branch  1 never executed
        -: 1131:		{
    #####: 1132:		  discardCard(i, currentPlayer, state, 1);
call    0 never executed
    #####: 1133:		  break;
        -: 1134:		}
        -: 1135:	    }
        -: 1136:	}			
        -: 1137:
    #####: 1138:      return 0;
        -: 1139:		
        -: 1140:    case cutpurse:
        -: 1141:
    #####: 1142:      updateCoins(currentPlayer, state, 2);
call    0 never executed
    #####: 1143:      for (i = 0; i < state->numPlayers; i++)
branch  0 never executed
branch  1 never executed
        -: 1144:	{
    #####: 1145:	  if (i != currentPlayer)
branch  0 never executed
branch  1 never executed
        -: 1146:	    {
    #####: 1147:	      for (j = 0; j < state->handCount[i]; j++)
branch  0 never executed
branch  1 never executed
        -: 1148:		{
    #####: 1149:		  if (state->hand[i][j] == copper)
branch  0 never executed
branch  1 never executed
        -: 1150:		    {
    #####: 1151:		      discardCard(j, i, state, 0);
call    0 never executed
    #####: 1152:		      break;
        -: 1153:		    }
    #####: 1154:		  if (j == state->handCount[i])
branch  0 never executed
branch  1 never executed
        -: 1155:		    {
    #####: 1156:		      for (k = 0; k < state->handCount[i]; k++)
branch  0 never executed
branch  1 never executed
        -: 1157:			{
        -: 1158:			  if (DEBUG)
        -: 1159:			    printf("Player %d reveals card number %d\n", i, state->hand[i][k]);
        -: 1160:			}	
    #####: 1161:		      break;
        -: 1162:		    }		
        -: 1163:		}
        -: 1164:					
        -: 1165:	    }
        -: 1166:				
        -: 1167:	}				
        -: 1168:
        -: 1169:      //discard played card from hand
    #####: 1170:      discardCard(handPos, currentPlayer, state, 0);			
call    0 never executed
        -: 1171:
    #####: 1172:      return 0;
        -: 1173:
        -: 1174:		
        -: 1175:    case embargo: 
        -: 1176:      //+2 Coins
    #####: 1177:      state->coins = state->coins + 2;
        -: 1178:			
        -: 1179:      //see if selected pile is in play
    #####: 1180:      if ( state->supplyCount[choice1] == -1 )
branch  0 never executed
branch  1 never executed
        -: 1181:	{
    #####: 1182:	  return -1;
        -: 1183:	}
        -: 1184:			
        -: 1185:      //add embargo token to selected supply pile
    #####: 1186:      state->embargoTokens[choice1]++;
        -: 1187:			
        -: 1188:      //trash card
    #####: 1189:      discardCard(handPos, currentPlayer, state, 1);		
call    0 never executed
    #####: 1190:      return 0;
        -: 1191:		
        -: 1192:    case outpost:
        -: 1193:      //set outpost flag
    #####: 1194:      state->outpostPlayed++;
        -: 1195:			
        -: 1196:      //discard card
    #####: 1197:      discardCard(handPos, currentPlayer, state, 0);
call    0 never executed
    #####: 1198:      return 0;
        -: 1199:		
        -: 1200:    case salvager:
        -: 1201:      //+1 buy
    #####: 1202:      state->numBuys++;
        -: 1203:			
    #####: 1204:      if (choice1)
branch  0 never executed
branch  1 never executed
        -: 1205:	{
        -: 1206:	  //gain coins equal to trashed card
    #####: 1207:	  state->coins = state->coins + getCost( handCard(choice1, state) );
call    0 never executed
call    1 never executed
        -: 1208:	  //trash card
    #####: 1209:	  discardCard(choice1, currentPlayer, state, 1);	
call    0 never executed
        -: 1210:	}
        -: 1211:			
        -: 1212:      //discard card
    #####: 1213:      discardCard(handPos, currentPlayer, state, 0);
call    0 never executed
    #####: 1214:      return 0;
        -: 1215:		
        -: 1216:    case sea_hag:
    #####: 1217:      for (i = 0; i < state->numPlayers; i++){
branch  0 never executed
branch  1 never executed
    #####: 1218:	if (i != currentPlayer){
branch  0 never executed
branch  1 never executed
    #####: 1219:	  state->discard[i][state->discardCount[i]] = state->deck[i][state->deckCount[i]--];			    state->deckCount[i]--;
    #####: 1220:	  state->discardCount[i]++;
    #####: 1221:	  state->deck[i][state->deckCount[i]--] = curse;//Top card now a curse
        -: 1222:	}
        -: 1223:      }
    #####: 1224:      return 0;
        -: 1225:		
        -: 1226:    case treasure_map:
        -: 1227:      //search hand for another treasure_map
    #####: 1228:      index = -1;
    #####: 1229:      for (i = 0; i < state->handCount[currentPlayer]; i++)
branch  0 never executed
branch  1 never executed
        -: 1230:	{
    #####: 1231:	  if (state->hand[currentPlayer][i] == treasure_map && i != handPos)
branch  0 never executed
branch  1 never executed
branch  2 never executed
branch  3 never executed
        -: 1232:	    {
    #####: 1233:	      index = i;
    #####: 1234:	      break;
        -: 1235:	    }
        -: 1236:	}
    #####: 1237:      if (index > -1)
branch  0 never executed
branch  1 never executed
        -: 1238:	{
        -: 1239:	  //trash both treasure cards
    #####: 1240:	  discardCard(handPos, currentPlayer, state, 1);
call    0 never executed
    #####: 1241:	  discardCard(index, currentPlayer, state, 1);
call    0 never executed
        -: 1242:
        -: 1243:	  //gain 4 Gold cards
    #####: 1244:	  for (i = 0; i < 4; i++)
branch  0 never executed
branch  1 never executed
        -: 1245:	    {
    #####: 1246:	      gainCard(gold, state, 1, currentPlayer);
call    0 never executed
        -: 1247:	    }
        -: 1248:				
        -: 1249:	  //return success
    #####: 1250:	  return 1;
        -: 1251:	}
        -: 1252:			
        -: 1253:      //no second treasure_map found in hand
    #####: 1254:      return -1;
        -: 1255:    }
        -: 1256:	
    #####: 1257:  return -1;
        -: 1258:}
        -: 1259:
function discardCard called 0 returned 0% blocks executed 0%
    #####: 1260:int discardCard(int handPos, int currentPlayer, struct gameState *state, int trashFlag)
        -: 1261:{
        -: 1262:	
        -: 1263:  //if card is not trashed, added to Played pile 
    #####: 1264:  if (trashFlag < 1)
branch  0 never executed
branch  1 never executed
        -: 1265:    {
        -: 1266:      //add card to played pile
    #####: 1267:      state->playedCards[state->playedCardCount] = state->hand[currentPlayer][handPos]; 
    #####: 1268:      state->playedCardCount++;
        -: 1269:    }
        -: 1270:	
        -: 1271:  //set played card to -1
    #####: 1272:  state->hand[currentPlayer][handPos] = -1;
        -: 1273:	
        -: 1274:  //remove card from player's hand
    #####: 1275:  if ( handPos == (state->handCount[currentPlayer] - 1) ) 	//last card in hand array is played
branch  0 never executed
branch  1 never executed
        -: 1276:    {
        -: 1277:      //reduce number of cards in hand
    #####: 1278:      state->handCount[currentPlayer]--;
        -: 1279:    }
    #####: 1280:  else if ( state->handCount[currentPlayer] == 1 ) //only one card in hand
branch  0 never executed
branch  1 never executed
        -: 1281:    {
        -: 1282:      //reduce number of cards in hand
    #####: 1283:      state->handCount[currentPlayer]--;
        -: 1284:    }
        -: 1285:  else 	
        -: 1286:    {
        -: 1287:      //replace discarded card with last card in hand
    #####: 1288:      state->hand[currentPlayer][handPos] = state->hand[currentPlayer][ (state->handCount[currentPlayer] - 1)];
        -: 1289:      //set last card to -1
    #####: 1290:      state->hand[currentPlayer][state->handCount[currentPlayer] - 1] = -1;
        -: 1291:      //reduce number of cards in hand
    #####: 1292:      state->handCount[currentPlayer]--;
        -: 1293:    }
        -: 1294:	
    #####: 1295:  return 0;
        -: 1296:}
        -: 1297:
function gainCard called 0 returned 0% blocks executed 0%
    #####: 1298:int gainCard(int supplyPos, struct gameState *state, int toFlag, int player)
        -: 1299:{
        -: 1300:  //Note: supplyPos is enum of choosen card
        -: 1301:	
        -: 1302:  //check if supply pile is empty (0) or card is not used in game (-1)
    #####: 1303:  printf("in gaincard\n");
call    0 never executed
    #####: 1304:  if ( supplyCount(supplyPos, state) < 1 )
call    0 never executed
branch  1 never executed
branch  2 never executed
        -: 1305:    {
    #####: 1306:      return -1;
        -: 1307:    }
    #####: 1308:    printf("supplycount called in gaincard\n");
call    0 never executed
        -: 1309:	
        -: 1310:  //added card for [whoseTurn] current player:
        -: 1311:  // toFlag = 0 : add to discard
        -: 1312:  // toFlag = 1 : add to deck
        -: 1313:  // toFlag = 2 : add to hand
        -: 1314:
    #####: 1315:  if (toFlag == 1)
branch  0 never executed
branch  1 never executed
        -: 1316:    {
    #####: 1317:      state->deck[ player ][ state->deckCount[player] ] = supplyPos;
    #####: 1318:      state->deckCount[player]++;
        -: 1319:    }
    #####: 1320:  else if (toFlag == 2)
branch  0 never executed
branch  1 never executed
        -: 1321:    {
    #####: 1322:      state->hand[ player ][ state->handCount[player] ] = supplyPos;
    #####: 1323:      state->handCount[player]++;
        -: 1324:    }
        -: 1325:  else
        -: 1326:    {
    #####: 1327:      state->discard[player][ state->discardCount[player] ] = supplyPos;
    #####: 1328:      state->discardCount[player]++;
        -: 1329:    }
    #####: 1330:    printf("if else passed in gaincard\n");
call    0 never executed
        -: 1331:	
        -: 1332:  //decrease number in supply pile
    #####: 1333:  state->supplyCount[supplyPos]--;
        -: 1334:	 
    #####: 1335:  return 0;
        -: 1336:}
        -: 1337:
function updateCoins called 0 returned 0% blocks executed 0%
    #####: 1338:int updateCoins(int player, struct gameState *state, int bonus)
        -: 1339:{
        -: 1340:  int i;
        -: 1341:	
        -: 1342:  //reset coin count
    #####: 1343:  state->coins = 0;
        -: 1344:
        -: 1345:  //add coins for each Treasure card in player's hand
    #####: 1346:  for (i = 0; i < state->handCount[player]; i++)
branch  0 never executed
branch  1 never executed
        -: 1347:    {
    #####: 1348:      if (state->hand[player][i] == copper)
branch  0 never executed
branch  1 never executed
        -: 1349:	{
    #####: 1350:	  state->coins += 1;
        -: 1351:	}
    #####: 1352:      else if (state->hand[player][i] == silver)
branch  0 never executed
branch  1 never executed
        -: 1353:	{
    #####: 1354:	  state->coins += 2;
        -: 1355:	}
    #####: 1356:      else if (state->hand[player][i] == gold)
branch  0 never executed
branch  1 never executed
        -: 1357:	{
    #####: 1358:	  state->coins += 3;
        -: 1359:	}	
        -: 1360:    }	
        -: 1361:
        -: 1362:  //add bonus
    #####: 1363:  state->coins += bonus;
        -: 1364:
    #####: 1365:  return 0;
        -: 1366:}
        -: 1367:
        -: 1368:
        -: 1369://end of dominion.c
        -: 1370:
